bash: scripts/adversarial_training/translate/java-cs/run_graphcodebert.sh: No such file or directory
bash: scripts/adversarial_training/translate/java-cs/run_plbart.sh: No such file or directory
bash: scripts/adversarial_training/translate/java-cs/run_codet5.sh: No such file or directory
bash: scripts/adversarial_training/translate/java-cs/run_unixcoder.sh: No such file or directory
bash: scripts/adversarial_training/translate/cs-java/run_graphcodebert.sh: No such file or directory
bash: scripts/adversarial_training/translate/cs-java/run_plbart.sh: No such file or directory
bash: scripts/adversarial_training/translate/cs-java/run_codet5.sh: No such file or directory
bash: scripts/adversarial_training/translate/cs-java/run_unixcoder.sh: No such file or directory
bash: scripts/adversarial_training_bfs/translate/java-cs/run_graphcodebert.sh: No such file or directory
bash: scripts/adversarial_training_bfs/translate/java-cs/run_plbart.sh: No such file or directory
bash: scripts/adversarial_training_bfs/translate/java-cs/run_codet5.sh: No such file or directory
bash: scripts/adversarial_training_bfs/translate/java-cs/run_unixcoder.sh: No such file or directory
bash: scripts/adversarial_training_bfs/translate/cs-java/run_graphcodebert.sh: No such file or directory
bash: scripts/adversarial_training_bfs/translate/cs-java/run_plbart.sh: No such file or directory
bash: scripts/adversarial_training_bfs/translate/cs-java/run_codet5.sh: No such file or directory
bash: scripts/adversarial_training_bfs/translate/cs-java/run_unixcoder.sh: No such file or directory
bash: scripts/adversarial_training_bfs/translate/java-cs/run_graphcodebert.sh: No such file or directory
bash: scripts/adversarial_training_bfs/translate/java-cs/run_plbart.sh: No such file or directory
bash: scripts/adversarial_training_bfs/translate/java-cs/run_codet5.sh: No such file or directory
bash: scripts/adversarial_training_bfs/translate/java-cs/run_unixcoder.sh: No such file or directory
bash: scripts/adversarial_training_bfs/translate/cs-java/run_graphcodebert.sh: No such file or directory
bash: scripts/adversarial_training_bfs/translate/cs-java/run_plbart.sh: No such file or directory
bash: scripts/adversarial_training_bfs/translate/cs-java/run_codet5.sh: No such file or directory
bash: scripts/adversarial_training_bfs/translate/cs-java/run_unixcoder.sh: No such file or directory
bash: scripts/adversarial_training_subtree/translate/java-cs/run_graphcodebert.sh: No such file or directory
bash: scripts/adversarial_training_subtree/translate/java-cs/run_plbart.sh: No such file or directory
bash: scripts/adversarial_training_subtree/translate/java-cs/run_codet5.sh: No such file or directory
bash: scripts/adversarial_training_subtree/translate/java-cs/run_unixcoder.sh: No such file or directory
bash: scripts/adversarial_training_subtree/translate/cs-java/run_graphcodebert.sh: No such file or directory
bash: scripts/adversarial_training_subtree/translate/cs-java/run_plbart.sh: No such file or directory
bash: scripts/adversarial_training_subtree/translate/cs-java/run_codet5.sh: No such file or directory
bash: scripts/adversarial_training_subtree/translate/cs-java/run_unixcoder.sh: No such file or directory
bash: scripts/adversarial_training_bfs/translate/java-cs/run_graphcodebert.sh: No such file or directory
bash: scripts/adversarial_training_bfs/translate/java-cs/run_plbart.sh: No such file or directory
bash: scripts/adversarial_training_bfs/translate/java-cs/run_codet5.sh: No such file or directory
bash: scripts/adversarial_training_bfs/translate/java-cs/run_unixcoder.sh: No such file or directory
bash: scripts/adversarial_training_bfs/translate/cs-java/run_graphcodebert.sh: No such file or directory
bash: scripts/adversarial_training_bfs/translate/cs-java/run_plbart.sh: No such file or directory
bash: scripts/adversarial_training_bfs/translate/cs-java/run_codet5.sh: No such file or directory
bash: scripts/adversarial_training_bfs/translate/cs-java/run_unixcoder.sh: No such file or directory
bash: scripts/adversarial_training_bfs/translate/java-cs/run_graphcodebert.sh: No such file or directory
bash: scripts/adversarial_training_bfs/translate/java-cs/run_plbart.sh: No such file or directory
bash: scripts/adversarial_training_bfs/translate/java-cs/run_codet5.sh: No such file or directory
bash: scripts/adversarial_training_bfs/translate/java-cs/run_unixcoder.sh: No such file or directory
bash: scripts/adversarial_training_bfs/translate/cs-java/run_graphcodebert.sh: No such file or directory
bash: scripts/adversarial_training_bfs/translate/cs-java/run_plbart.sh: No such file or directory
bash: scripts/adversarial_training_bfs/translate/cs-java/run_codet5.sh: No such file or directory
bash: scripts/adversarial_training_bfs/translate/cs-java/run_unixcoder.sh: No such file or directory
